<?xml version="1.0" encoding="UTF-8"?>
<!-- Generated by org.testng.reporters.JUnitReportReporter -->
<testsuite hostname="DESKTOP-G40R6I1" failures="0" tests="5" name="FutureGrail.FutureGrail" time="5.036" errors="0" timestamp="2024-02-23T17:10:43 IST" skipped="0">
  <testcase classname="FutureGrail.FutureGrail" name="siteLoading" time="0.933"/>
  <testcase classname="FutureGrail.FutureGrail" name="logIn" time="3.405"/>
  <testcase classname="FutureGrail.FutureGrail" name="homePageBanner" time="0.096"/>
  <testcase classname="FutureGrail.FutureGrail" name="homePagePagescroll" time="0.021"/>
  <testcase classname="FutureGrail.FutureGrail" name="coverValuesCards" time="0.581"/>
</testsuite> <!-- FutureGrail.FutureGrail -->
