<?xml version="1.0" encoding="UTF-8"?>
<!-- Generated by org.testng.reporters.JUnitReportReporter -->
<testsuite hostname="DESKTOP-G40R6I1" failures="0" tests="12" name="FutureGrail.Home" time="0.198" errors="1" timestamp="2024-04-28T13:25:30 IST" skipped="11">
  <testcase classname="FutureGrail.Home" name="beforeSuite" time="0.198">
    <error message="chromedriver at location D:\chrome driver\chromedriver-win64 (4)\chromedriver-win64\chromedriver.exe, does not exist
For documentation on this error, please visit: https://www.selenium.dev/documentation/webdriver/troubleshooting/errors/driver_location/
Build info: version: &#039;4.18.1&#039;, revision: &#039;b1d3319b48&#039;
System info: os.name: &#039;Windows 11&#039;, os.arch: &#039;amd64&#039;, os.version: &#039;10.0&#039;, java.version: &#039;17.0.8.1&#039;
Driver info: driver.version: ChromeDriver" type="org.openqa.selenium.remote.NoSuchDriverException">
      <![CDATA[org.openqa.selenium.remote.NoSuchDriverException: chromedriver at location D:\chrome driver\chromedriver-win64 (4)\chromedriver-win64\chromedriver.exe, does not exist
For documentation on this error, please visit: https://www.selenium.dev/documentation/webdriver/troubleshooting/errors/driver_location/
Build info: version: '4.18.1', revision: 'b1d3319b48'
System info: os.name: 'Windows 11', os.arch: 'amd64', os.version: '10.0', java.version: '17.0.8.1'
Driver info: driver.version: ChromeDriver
at org.openqa.selenium.remote.service.DriverFinder.getPath(DriverFinder.java:76)
at org.openqa.selenium.remote.service.DriverFinder.getPath(DriverFinder.java:33)
at org.openqa.selenium.chrome.ChromeDriver.generateExecutor(ChromeDriver.java:99)
at org.openqa.selenium.chrome.ChromeDriver.<init>(ChromeDriver.java:89)
at org.openqa.selenium.chrome.ChromeDriver.<init>(ChromeDriver.java:84)
at org.openqa.selenium.chrome.ChromeDriver.<init>(ChromeDriver.java:52)
at FutureGrail.Home.beforeSuite(Home.java:243)
at java.base/jdk.internal.reflect.NativeMethodAccessorImpl.invoke0(Native Method)
at java.base/jdk.internal.reflect.NativeMethodAccessorImpl.invoke(NativeMethodAccessorImpl.java:77)
at java.base/jdk.internal.reflect.DelegatingMethodAccessorImpl.invoke(DelegatingMethodAccessorImpl.java:43)
at java.base/java.lang.reflect.Method.invoke(Method.java:568)
at org.testng.internal.MethodInvocationHelper.invokeMethod(MethodInvocationHelper.java:133)
at org.testng.internal.MethodInvocationHelper.invokeMethodConsideringTimeout(MethodInvocationHelper.java:62)
at org.testng.internal.ConfigInvoker.invokeConfigurationMethod(ConfigInvoker.java:385)
at org.testng.internal.ConfigInvoker.invokeConfigurations(ConfigInvoker.java:321)
at org.testng.SuiteRunner.privateRun(SuiteRunner.java:317)
at org.testng.SuiteRunner.run(SuiteRunner.java:276)
at org.testng.SuiteRunnerWorker.runSuite(SuiteRunnerWorker.java:53)
at org.testng.SuiteRunnerWorker.run(SuiteRunnerWorker.java:96)
at org.testng.TestNG.runSuitesSequentially(TestNG.java:1212)
at org.testng.TestNG.runSuitesLocally(TestNG.java:1134)
at org.testng.TestNG.runSuites(TestNG.java:1063)
at org.testng.TestNG.run(TestNG.java:1031)
at org.testng.remote.AbstractRemoteTestNG.run(AbstractRemoteTestNG.java:115)
at org.testng.remote.RemoteTestNG.initAndRun(RemoteTestNG.java:251)
at org.testng.remote.RemoteTestNG.main(RemoteTestNG.java:77)
]]>
    </error>
  </testcase> <!-- beforeSuite -->
  <system-out/>
  <testcase classname="FutureGrail.Home" name="siteLoading" time="0.000">
    <skipped/>
  </testcase> <!-- siteLoading -->
  <system-out/>
  <testcase classname="FutureGrail.Home" name="logIn" time="0.000">
    <skipped/>
  </testcase> <!-- logIn -->
  <system-out/>
  <testcase classname="FutureGrail.Home" name="homePageBanner" time="0.000">
    <skipped/>
  </testcase> <!-- homePageBanner -->
  <system-out/>
  <testcase classname="FutureGrail.Home" name="homePagePagescroll" time="0.000">
    <skipped/>
  </testcase> <!-- homePagePagescroll -->
  <system-out/>
  <testcase classname="FutureGrail.Home" name="coverValuesCards" time="0.000">
    <skipped/>
  </testcase> <!-- coverValuesCards -->
  <system-out/>
  <testcase classname="FutureGrail.Home" name="ourOfferings" time="0.000">
    <skipped/>
  </testcase> <!-- ourOfferings -->
  <system-out/>
  <testcase classname="FutureGrail.Home" name="ourCollections" time="0.000">
    <skipped/>
  </testcase> <!-- ourCollections -->
  <system-out/>
  <testcase classname="FutureGrail.Home" name="visitOurMuseumVideo" time="0.000">
    <skipped/>
  </testcase> <!-- visitOurMuseumVideo -->
  <system-out/>
  <testcase classname="FutureGrail.Home" name="planYourVisit" time="0.000">
    <skipped/>
  </testcase> <!-- planYourVisit -->
  <system-out/>
  <testcase classname="FutureGrail.Home" name="meadia" time="0.000">
    <skipped/>
  </testcase> <!-- meadia -->
  <system-out/>
  <testcase classname="FutureGrail.Home" name="stayConnected" time="0.000">
    <skipped/>
  </testcase> <!-- stayConnected -->
  <system-out/>
</testsuite> <!-- FutureGrail.Home -->
