<?xml version="1.0" encoding="UTF-8"?>
<!-- Generated by org.testng.reporters.JUnitReportReporter -->
<testsuite hostname="DESKTOP-G40R6I1" failures="0" tests="9" name="FutureGrail.TheVault" time="5.842" errors="0" timestamp="2024-02-29T16:20:30 IST" skipped="0">
  <testcase classname="FutureGrail.TheVault" name="siteLoading" time="0.995"/>
  <system-out/>
  <testcase classname="FutureGrail.TheVault" name="logIn" time="3.417"/>
  <system-out/>
  <testcase classname="FutureGrail.TheVault" name="theVault" time="0.252"/>
  <system-out/>
  <testcase classname="FutureGrail.TheVault" name="vaultSwitchtabs" time="0.337"/>
  <system-out/>
  <testcase classname="FutureGrail.TheVault" name="hIT" time="0.222"/>
  <system-out/>
  <testcase classname="FutureGrail.TheVault" name="r" time="0.196"/>
  <system-out/>
  <testcase classname="FutureGrail.TheVault" name="ypa" time="0.212"/>
  <system-out/>
  <testcase classname="FutureGrail.TheVault" name="tyv" time="0.209"/>
  <system-out/>
  <testcase classname="FutureGrail.TheVault" name="scheduleanAppointmtnt" time="0.002"/>
  <system-out/>
</testsuite> <!-- FutureGrail.TheVault -->
