<?xml version="1.0" encoding="UTF-8"?>
<!-- Generated by org.testng.reporters.JUnitReportReporter -->
<testsuite hostname="DESKTOP-G40R6I1" failures="0" tests="12" name="FutureGrail.TandBnavigationBars" time="13.389" errors="0" timestamp="2024-02-28T17:29:51 IST" skipped="0">
  <testcase classname="FutureGrail.TandBnavigationBars" name="siteLoading" time="0.813"/>
  <system-out/>
  <testcase classname="FutureGrail.TandBnavigationBars" name="logIn" time="3.355"/>
  <system-out/>
  <testcase classname="FutureGrail.TandBnavigationBars" name="tnAuction" time="0.252"/>
  <system-out/>
  <testcase classname="FutureGrail.TandBnavigationBars" name="tnmuseum" time="1.153"/>
  <system-out/>
  <testcase classname="FutureGrail.TandBnavigationBars" name="tnvault" time="0.242"/>
  <system-out/>
  <testcase classname="FutureGrail.TandBnavigationBars" name="tnservices" time="0.244"/>
  <system-out/>
  <testcase classname="FutureGrail.TandBnavigationBars" name="tnaboutUs" time="0.213"/>
  <system-out/>
  <testcase classname="FutureGrail.TandBnavigationBars" name="tnMoreEvent" time="3.025"/>
  <system-out/>
  <testcase classname="FutureGrail.TandBnavigationBars" name="tnMedia" time="1.839"/>
  <system-out/>
  <testcase classname="FutureGrail.TandBnavigationBars" name="tnFaq" time="0.266"/>
  <system-out/>
  <testcase classname="FutureGrail.TandBnavigationBars" name="tnMAboutUs" time="0.254"/>
  <system-out/>
  <testcase classname="FutureGrail.TandBnavigationBars" name="favoutiter" time="1.733"/>
  <system-out/>
</testsuite> <!-- FutureGrail.TandBnavigationBars -->
