<?xml version="1.0" encoding="UTF-8"?>
<!-- Generated by org.testng.reporters.JUnitReportReporter -->
<testsuite hostname="DESKTOP-G40R6I1" failures="0" tests="10" name="FutureGrail.BNavigationBars" time="17.607" errors="0" timestamp="2024-02-29T13:09:52 IST" skipped="0">
  <testcase classname="FutureGrail.BNavigationBars" name="siteLoading" time="1.223"/>
  <system-out/>
  <testcase classname="FutureGrail.BNavigationBars" name="logIn" time="3.855"/>
  <system-out/>
  <testcase classname="FutureGrail.BNavigationBars" name="museum" time="2.299"/>
  <system-out/>
  <testcase classname="FutureGrail.BNavigationBars" name="theVault" time="1.369"/>
  <system-out/>
  <testcase classname="FutureGrail.BNavigationBars" name="services" time="1.647"/>
  <system-out/>
  <testcase classname="FutureGrail.BNavigationBars" name="events" time="1.527"/>
  <system-out/>
  <testcase classname="FutureGrail.BNavigationBars" name="media" time="0.935"/>
  <system-out/>
  <testcase classname="FutureGrail.BNavigationBars" name="aboutUs" time="2.696"/>
  <system-out/>
  <testcase classname="FutureGrail.BNavigationBars" name="tAndC" time="1.186"/>
  <system-out/>
  <testcase classname="FutureGrail.BNavigationBars" name="privacyPolicy" time="0.870"/>
  <system-out/>
</testsuite> <!-- FutureGrail.BNavigationBars -->
