<?xml version="1.0" encoding="UTF-8"?>
<!-- Generated by org.testng.reporters.JUnitReportReporter -->
<testsuite hostname="DESKTOP-G40R6I1" failures="0" tests="12" name="FutureGrail.TNavigationBars" time="13.283" errors="0" timestamp="2024-02-29T13:09:52 IST" skipped="0">
  <testcase classname="FutureGrail.TNavigationBars" name="siteLoading" time="1.330"/>
  <system-out/>
  <testcase classname="FutureGrail.TNavigationBars" name="logIn" time="4.122"/>
  <system-out/>
  <testcase classname="FutureGrail.TNavigationBars" name="tnAuction" time="0.421"/>
  <system-out/>
  <testcase classname="FutureGrail.TNavigationBars" name="tnmuseum" time="1.441"/>
  <system-out/>
  <testcase classname="FutureGrail.TNavigationBars" name="tnvault" time="0.330"/>
  <system-out/>
  <testcase classname="FutureGrail.TNavigationBars" name="tnservices" time="0.334"/>
  <system-out/>
  <testcase classname="FutureGrail.TNavigationBars" name="tnaboutUs" time="0.310"/>
  <system-out/>
  <testcase classname="FutureGrail.TNavigationBars" name="tnMoreEvent" time="2.738"/>
  <system-out/>
  <testcase classname="FutureGrail.TNavigationBars" name="tnMedia" time="0.983"/>
  <system-out/>
  <testcase classname="FutureGrail.TNavigationBars" name="tnFaq" time="0.332"/>
  <system-out/>
  <testcase classname="FutureGrail.TNavigationBars" name="tnMAboutUs" time="0.355"/>
  <system-out/>
  <testcase classname="FutureGrail.TNavigationBars" name="favoutiter" time="0.587"/>
  <system-out/>
</testsuite> <!-- FutureGrail.TNavigationBars -->
