<?xml version="1.0" encoding="UTF-8"?>
<!-- Generated by org.testng.reporters.JUnitReportReporter -->
<testsuite hostname="DESKTOP-G40R6I1" failures="0" tests="1" name="FutureGrail.VideosVerification" time="0.138" errors="0" timestamp="2024-02-26T12:11:17 IST" skipped="0">
  <testcase classname="FutureGrail.VideosVerification" name="visitOurMuseum" time="0.138"/>
</testsuite> <!-- FutureGrail.VideosVerification -->
